{
  level: 'error',
  message: '"verify_code" is not allowed',
  service: 'forget password service - validation',
  functionName: 'forgetPassword',
  requestBody: { email_address: 'enesds@gmail.com', verify_code: '635764' },
  status: 400,
  timestamp: 'Jul-25-2022 18:07:38'
}
{
  level: 'error',
  message: 'Unexpected token } in JSON at position 56',
  service: 'Service is not found',
  functionName: 'Function Name is empty.',
  requestBody: 'Request Body is empty.',
  status: 400,
  timestamp: 'Jul-25-2022 18:08:18'
}
{
  level: 'info',
  message: 'Var olan kod silinmiştir.',
  service: 'forget password service',
  functionName: 'checkSentCode',
  requestBody: { email_address: 'enesds@gmail.com' },
  status: '200',
  timestamp: 'Jul-25-2022 18:08:37'
}
{
  level: 'info',
  message: 'E-postanıza şifre yenileme kodu gönderilmiştir.',
  service: 'forget password service',
  functionName: 'forgetPassword',
  requestBody: { email_address: 'enesds@gmail.com' },
  status: 200,
  timestamp: 'Jul-25-2022 18:08:37'
}
{
  level: 'info',
  message: 'Var olan kod silinmiştir.',
  service: 'forget password service',
  functionName: 'checkSentCode',
  requestBody: { email_address: 'enesds@gmail.com' },
  status: '200',
  timestamp: 'Jul-25-2022 18:09:00'
}
{
  level: 'info',
  message: 'E-postanıza şifre yenileme kodu gönderilmiştir.',
  service: 'forget password service',
  functionName: 'forgetPassword',
  requestBody: { email_address: 'enesds@gmail.com' },
  status: 200,
  timestamp: 'Jul-25-2022 18:09:00'
}
{
  level: 'error',
  message: '"verify_code" is not allowed',
  service: 'forget password service - validation',
  functionName: 'forgetPassword',
  requestBody: {
    email_address: 'enesds@gmail.com',
    verify_code: '103046',
    password: '123qweQ'
  },
  status: 400,
  timestamp: 'Jul-25-2022 18:09:26'
}
{
  level: 'error',
  message: 'Girmiş olduğunuz kod eşleşmiyor. Lütfen e-postanıza gelen kodu kontrol ediniz.',
  service: 'forget password service',
  functionName: 'verifyCode',
  requestBody: {
    email_address: 'enesds@gmail.com',
    verify_code: 'fc9213b87523a110bd082304f7cfb7ad'
  },
  status: 403,
  timestamp: 'Jul-25-2022 18:09:37'
}
{
  level: 'error',
  message: '"password" should contain at least 1 uppercase character',
  service: 'forget password service update password - validation',
  functionName: 'updatePassword',
  requestBody: {
    email_address: 'enesds@gmail.com',
    verify_code: 'abafff6430af0b75545d925f5e474260',
    password: '46f94c8de14fb36680850768ff1b7f2a'
  },
  status: 400,
  timestamp: 'Jul-25-2022 18:09:50'
}
{
  level: 'info',
  message: 'Şifre yenileme kodu geçerli.',
  service: 'forget password service',
  functionName: 'verifyCode',
  requestBody: { email_address: 'enesds@gmail.com' },
  status: '200',
  timestamp: 'Jul-25-2022 18:09:59'
}
{
  level: 'info',
  message: 'Şifreniz başarıyla yenilenmiştir.',
  service: 'forget password service',
  functionName: 'updatePassword',
  requestBody: {
    email_address: 'enesds@gmail.com',
    verify_code: 'abafff6430af0b75545d925f5e474260',
    password: 'eb68ab2481cf05b45bb8c37f56ec1411'
  },
  status: 200,
  timestamp: 'Jul-25-2022 18:09:59'
}
{
  level: 'error',
  message: 'Girmiş olduğunuz kod eşleşmiyor. Lütfen e-postanıza gelen kodu kontrol ediniz.',
  service: 'forget password service',
  functionName: 'verifyCode',
  requestBody: {
    email_address: 'enesds@gmail.com',
    verify_code: 'abafff6430af0b75545d925f5e474260'
  },
  status: 403,
  timestamp: 'Jul-25-2022 18:44:00'
}
{
  level: 'info',
  message: 'E-postanıza şifre yenileme kodu gönderilmiştir.',
  service: 'forget password service',
  functionName: 'forgetPassword',
  requestBody: { email_address: 'enesds@gmail.com' },
  status: 200,
  timestamp: 'Jul-25-2022 19:48:50'
}
{
  level: 'error',
  message: 'Kullanıcı bulunamadı. Email adresinizi kontrol ediniz.',
  service: 'forget password service',
  functionName: 'Function Name is empty.',
  requestBody: 'Request Body is empty.',
  status: 404,
  timestamp: 'Jul-25-2022 19:50:20'
}
{
  level: 'error',
  message: '"password" is not allowed',
  service: 'forget password service - validation',
  functionName: 'forgetPassword',
  requestBody: {
    email_address: 'enesakbal00@gmail.com',
    password: '123qwe!!1A',
    username: 'enesakbal',
    birth_date: '2000/09/22',
    gender: 'female'
  },
  status: 400,
  timestamp: 'Jul-25-2022 19:55:03'
}
{
  level: 'info',
  message: 'Hesabınız başarıyla oluşturulmuştur. E-postanıza yönlendirilen aktivasyon mailini doğrulayınız.',
  service: 'register service',
  functionName: 'register',
  requestBody: {
    username: 'enesakbal',
    password: 'b18ac9d46c0f9680372ec043e1abc0f3',
    email_address: 'enesakbal00@gmail.com',
    profile_picture: undefined,
    birth_date: '2000/09/22',
    gender: 'female'
  },
  status: 201,
  timestamp: 'Jul-25-2022 19:55:11'
}
{
  level: 'info',
  message: 'E-postanıza şifre yenileme kodu gönderilmiştir.',
  service: 'forget password service',
  functionName: 'forgetPassword',
  requestBody: { email_address: 'enesakbal00@gmail.com' },
  status: 200,
  timestamp: 'Jul-25-2022 19:55:38'
}
