{
  level: 'error',
  message: '"verify_code" is not allowed',
  service: 'forget password service - validation',
  functionName: 'forgetPassword',
  requestBody: { email_address: 'enesds@gmail.com', verify_code: '635764' },
  status: 400,
  timestamp: 'Jul-25-2022 18:07:38'
}
{
  level: 'error',
  message: 'Unexpected token } in JSON at position 56',
  service: 'Service is not found',
  functionName: 'Function Name is empty.',
  requestBody: 'Request Body is empty.',
  status: 400,
  timestamp: 'Jul-25-2022 18:08:18'
}
{
  level: 'error',
  message: '"verify_code" is not allowed',
  service: 'forget password service - validation',
  functionName: 'forgetPassword',
  requestBody: {
    email_address: 'enesds@gmail.com',
    verify_code: '103046',
    password: '123qweQ'
  },
  status: 400,
  timestamp: 'Jul-25-2022 18:09:26'
}
{
  level: 'error',
  message: 'Girmiş olduğunuz kod eşleşmiyor. Lütfen e-postanıza gelen kodu kontrol ediniz.',
  service: 'forget password service',
  functionName: 'verifyCode',
  requestBody: {
    email_address: 'enesds@gmail.com',
    verify_code: 'fc9213b87523a110bd082304f7cfb7ad'
  },
  status: 403,
  timestamp: 'Jul-25-2022 18:09:37'
}
{
  level: 'error',
  message: '"password" should contain at least 1 uppercase character',
  service: 'forget password service update password - validation',
  functionName: 'updatePassword',
  requestBody: {
    email_address: 'enesds@gmail.com',
    verify_code: 'abafff6430af0b75545d925f5e474260',
    password: '46f94c8de14fb36680850768ff1b7f2a'
  },
  status: 400,
  timestamp: 'Jul-25-2022 18:09:50'
}
{
  level: 'error',
  message: 'Girmiş olduğunuz kod eşleşmiyor. Lütfen e-postanıza gelen kodu kontrol ediniz.',
  service: 'forget password service',
  functionName: 'verifyCode',
  requestBody: {
    email_address: 'enesds@gmail.com',
    verify_code: 'abafff6430af0b75545d925f5e474260'
  },
  status: 403,
  timestamp: 'Jul-25-2022 18:44:00'
}
{
  level: 'error',
  message: 'Kullanıcı bulunamadı. Email adresinizi kontrol ediniz.',
  service: 'forget password service',
  functionName: 'Function Name is empty.',
  requestBody: 'Request Body is empty.',
  status: 404,
  timestamp: 'Jul-25-2022 19:50:20'
}
{
  level: 'error',
  message: '"password" is not allowed',
  service: 'forget password service - validation',
  functionName: 'forgetPassword',
  requestBody: {
    email_address: 'enesakbal00@gmail.com',
    password: '123qwe!!1A',
    username: 'enesakbal',
    birth_date: '2000/09/22',
    gender: 'female'
  },
  status: 400,
  timestamp: 'Jul-25-2022 19:55:03'
}
